Determining if the pthread_create exist failed with the following output:
Change Dir: /home/igor/ANCI/ANSI_C_Mike_Wazowski_group/Assigment1/template/cmake-build-debug/CMakeFiles/CMakeTmp

Run Build Command:"/usr/bin/make" "cmTC_58df4/fast"
/usr/bin/make -f CMakeFiles/cmTC_58df4.dir/build.make CMakeFiles/cmTC_58df4.dir/build
make[1]: вход в каталог «/home/igor/ANCI/ANSI_C_Mike_Wazowski_group/Assigment1/template/cmake-build-debug/CMakeFiles/CMakeTmp»
Building C object CMakeFiles/cmTC_58df4.dir/CheckSymbolExists.c.o
/usr/bin/cc   -std=c99 -Wall -Wextra -Wshadow    -o CMakeFiles/cmTC_58df4.dir/CheckSymbolExists.c.o   -c /home/igor/ANCI/ANSI_C_Mike_Wazowski_group/Assigment1/template/cmake-build-debug/CMakeFiles/CMakeTmp/CheckSymbolExists.c
Linking C executable cmTC_58df4
/home/igor/.local/share/JetBrains/Toolbox/apps/CLion/ch-0/181.5087.36/bin/cmake/bin/cmake -E cmake_link_script CMakeFiles/cmTC_58df4.dir/link.txt --verbose=1
/usr/bin/cc  -std=c99 -Wall -Wextra -Wshadow     CMakeFiles/cmTC_58df4.dir/CheckSymbolExists.c.o  -o cmTC_58df4 
CMakeFiles/cmTC_58df4.dir/CheckSymbolExists.c.o: In function `main':
CheckSymbolExists.c:(.text+0x16): undefined reference to `pthread_create'
collect2: error: ld returned 1 exit status
CMakeFiles/cmTC_58df4.dir/build.make:97: ошибка выполнения рецепта для цели «cmTC_58df4»
make[1]: *** [cmTC_58df4] Ошибка 1
make[1]: выход из каталога «/home/igor/ANCI/ANSI_C_Mike_Wazowski_group/Assigment1/template/cmake-build-debug/CMakeFiles/CMakeTmp»
Makefile:126: ошибка выполнения рецепта для цели «cmTC_58df4/fast»
make: *** [cmTC_58df4/fast] Ошибка 2

File /home/igor/ANCI/ANSI_C_Mike_Wazowski_group/Assigment1/template/cmake-build-debug/CMakeFiles/CMakeTmp/CheckSymbolExists.c:
/* */
#include <pthread.h>

int main(int argc, char** argv)
{
  (void)argv;
#ifndef pthread_create
  return ((int*)(&pthread_create))[argc];
#else
  (void)argc;
  return 0;
#endif
}

Determining if the function pthread_create exists in the pthreads failed with the following output:
Change Dir: /home/igor/ANCI/ANSI_C_Mike_Wazowski_group/Assigment1/template/cmake-build-debug/CMakeFiles/CMakeTmp

Run Build Command:"/usr/bin/make" "cmTC_818c6/fast"
/usr/bin/make -f CMakeFiles/cmTC_818c6.dir/build.make CMakeFiles/cmTC_818c6.dir/build
make[1]: вход в каталог «/home/igor/ANCI/ANSI_C_Mike_Wazowski_group/Assigment1/template/cmake-build-debug/CMakeFiles/CMakeTmp»
Building C object CMakeFiles/cmTC_818c6.dir/CheckFunctionExists.c.o
/usr/bin/cc   -std=c99 -Wall -Wextra -Wshadow -DCHECK_FUNCTION_EXISTS=pthread_create   -o CMakeFiles/cmTC_818c6.dir/CheckFunctionExists.c.o   -c /home/igor/.local/share/JetBrains/Toolbox/apps/CLion/ch-0/181.5087.36/bin/cmake/share/cmake-3.10/Modules/CheckFunctionExists.c
Linking C executable cmTC_818c6
/home/igor/.local/share/JetBrains/Toolbox/apps/CLion/ch-0/181.5087.36/bin/cmake/bin/cmake -E cmake_link_script CMakeFiles/cmTC_818c6.dir/link.txt --verbose=1
/usr/bin/cc  -std=c99 -Wall -Wextra -Wshadow -DCHECK_FUNCTION_EXISTS=pthread_create    CMakeFiles/cmTC_818c6.dir/CheckFunctionExists.c.o  -o cmTC_818c6 -lpthreads 
/usr/bin/ld: cannot find -lpthreads
collect2: error: ld returned 1 exit status
CMakeFiles/cmTC_818c6.dir/build.make:97: ошибка выполнения рецепта для цели «cmTC_818c6»
make[1]: *** [cmTC_818c6] Ошибка 1
make[1]: выход из каталога «/home/igor/ANCI/ANSI_C_Mike_Wazowski_group/Assigment1/template/cmake-build-debug/CMakeFiles/CMakeTmp»
Makefile:126: ошибка выполнения рецепта для цели «cmTC_818c6/fast»
make: *** [cmTC_818c6/fast] Ошибка 2


